<?xml version="1.0" encoding="UTF-8"?>
<!-- Generated by org.testng.reporters.JUnitReportReporter -->
<testsuite skipped="0" hostname="LAPTOP-4DPQMBAO" name="com.freecrm.testcases.HomePageTest" tests="4" failures="0" timestamp="2021-02-25T17:01:25 EST" time="52.364" errors="0">
  <testcase name="verifyHomePageTitleTest" time="11.899" classname="com.freecrm.testcases.HomePageTest"/>
  <system-out/>
  <testcase name="UsernameVerificationTest" time="13.514" classname="com.freecrm.testcases.HomePageTest"/>
  <system-out/>
  <testcase name="verifyContactsLinkTest" time="12.822" classname="com.freecrm.testcases.HomePageTest"/>
  <system-out/>
  <testcase name="DealsLinkTest" time="14.129" classname="com.freecrm.testcases.HomePageTest"/>
  <system-out/>
</testsuite> <!-- com.freecrm.testcases.HomePageTest -->
