<?xml version="1.0" encoding="UTF-8"?>
<!-- Generated by org.testng.reporters.JUnitReportReporter -->
<testsuite skipped="0" hostname="LAPTOP-4DPQMBAO" name="com.freecrm.testcases.LoginPageTest" tests="3" failures="0" timestamp="2021-02-25T17:01:25 EST" time="30.747" errors="0">
  <testcase name="LoginPageTitleTest" time="9.246" classname="com.freecrm.testcases.LoginPageTest"/>
  <system-out/>
  <testcase name="crmLogoImageTest" time="9.135" classname="com.freecrm.testcases.LoginPageTest"/>
  <system-out/>
  <testcase name="LoginTest" time="12.366" classname="com.freecrm.testcases.LoginPageTest"/>
  <system-out/>
</testsuite> <!-- com.freecrm.testcases.LoginPageTest -->
