<?xml version="1.0" encoding="UTF-8"?>
<!-- Generated by org.testng.reporters.JUnitReportReporter -->
<testsuite skipped="0" hostname="LAPTOP-4DPQMBAO" name="com.freecrm.testcases.ContactsPageTest" tests="4" failures="0" timestamp="2021-03-04T16:04:48 EST" time="84.786" errors="0">
  <testcase name="ContactsLabelTest" time="13.447" classname="com.freecrm.testcases.ContactsPageTest"/>
  <system-out/>
  <testcase name="SingleContactSelection" time="30.901" classname="com.freecrm.testcases.ContactsPageTest"/>
  <system-out/>
  <testcase name="multiContactSelection" time="16.292" classname="com.freecrm.testcases.ContactsPageTest"/>
  <system-out/>
  <testcase name="validateCreateNewContact" time="24.146" classname="com.freecrm.testcases.ContactsPageTest"/>
  <system-out/>
</testsuite> <!-- com.freecrm.testcases.ContactsPageTest -->
